<?xml version="1.0" encoding="UTF-8"?>
<!-- Generated by org.testng.reporters.JUnitReportReporter -->
<testsuite hostname="Renukas-MacBook.local" name="com.test.Sample" tests="1" failures="0" timestamp="25 Apr 2017 21:16:29 GMT" time="0.001" errors="0">
  <testcase name="f" time="0.001" classname="com.test.Sample"/>
</testsuite> <!-- com.test.Sample -->
