<?xml version="1.0" encoding="UTF-8"?>
<!-- Generated by org.testng.reporters.JUnitReportReporter -->
<testsuite hostname="Renukas-MacBook.local" name="com.test.Sample" tests="1" failures="0" timestamp="25 Apr 2017 23:35:58 GMT" time="5.342" errors="0">
  <testcase name="sampleTest" time="5.342" classname="com.test.Sample"/>
</testsuite> <!-- com.test.Sample -->
